<?xml version="1.0" encoding="UTF-8"?>
<testsuite name="reemo.APITests" tests="4" skipped="0" failures="0" errors="0" timestamp="2018-02-12T17:25:09" hostname="DESKTOP-BSN0FB3" time="3.089">
  <properties/>
  <testcase name="testConnection" classname="reemo.APITests" time="0.894"/>
  <testcase name="testBadUser" classname="reemo.APITests" time="1.005"/>
  <testcase name="testBasicUserInfo" classname="reemo.APITests" time="0.006"/>
  <testcase name="testGetUserInfo" classname="reemo.APITests" time="1.183"/>
  <system-out><![CDATA[11:25:10.159 [Test worker] INFO controller.reemoApi.ReemoAPI - Schema: dbo
11:25:10.809 [Test worker] INFO controller.reemoApi.ReemoAPI - Schema: dbo
11:25:10.923 [Test worker] INFO controller.reemoApi.ReemoAPI - no User found for phone number: Jorge
no user found for phone number: Jorge
No user found for phone number: Jorge
{"phoneNumber":"","name":"","lastAddress":"","latitude":0.0,"longitude":0.0,"ahjs":"{\"ahjs\":[{\"ahjType\":\"ems\",\"ahjId\":\"1215.00000000000\",\"agency\":\"San Jose Police and Fire\",\"phone\":\"408-277-8991\",\"comments\":\"\",\"coverage\":{\"area\":\"Portion of Santa Clara(CA) County\",\"exceptions\":\"None\"},\"contactPerson\":{\"phone\":\"408-277-8911\"},\"mailingAddress\":{\"formattedAddress\":\"201 West Mission Street San Jose CA 95110\",\"mainAddressLine\":\"201 West Mission Street\",\"addressLastLine\":\"\",\"placeName\":\"\",\"areaName1\":\"CA\",\"areaName2\":\"\",\"areaName3\":\"San Jose\",\"areaName4\":\"\",\"postCode\":\"95110\",\"postCodeExt\":\"\",\"country\":\"USA\",\"addressNumber\":\"\",\"streetName\":\"\",\"unitType\":\"\",\"unitValue\":\"\"}},{\"ahjType\":\"fire\",\"ahjId\":\"1185.00000000000\",\"agency\":\"San Jose Police and Fire\",\"phone\":\"408-277-8991\",\"comments\":\"\",\"coverage\":{\"area\":\"Portion of Santa Clara(CA) County\",\"exceptions\":\"None\"},\"contactPerson\":{\"phone\":\"408-277-8911\"},\"mailingAddress\":{\"formattedAddress\":\"201 West Mission Street San Jose CA 95110\",\"mainAddressLine\":\"201 West Mission Street\",\"addressLastLine\":\"\",\"placeName\":\"\",\"areaName1\":\"CA\",\"areaName2\":\"\",\"areaName3\":\"San Jose\",\"areaName4\":\"\",\"postCode\":\"95110\",\"postCodeExt\":\"\",\"country\":\"USA\",\"addressNumber\":\"\",\"streetName\":\"\",\"unitType\":\"\",\"unitValue\":\"\"}},{\"ahjType\":\"police\",\"ahjId\":\"1179.00000000000\",\"agency\":\"Santa Clara Communications\",\"phone\":\"408-289-9530\",\"comments\":\"\",\"coverage\":{\"area\":\"Portion of Santa Clara(CA) County\",\"exceptions\":\"None\"},\"contactPerson\":{\"phone\":\"408-977-3272\"},\"mailingAddress\":{\"formattedAddress\":\"2700 Carol Drive San Jose CA 95125\",\"mainAddressLine\":\"2700 Carol Drive\",\"addressLastLine\":\"\",\"placeName\":\"\",\"areaName1\":\"CA\",\"areaName2\":\"\",\"areaName3\":\"San Jose\",\"areaName4\":\"\",\"postCode\":\"95125\",\"postCodeExt\":\"\",\"country\":\"USA\",\"addressNumber\":\"\",\"streetName\":\"\",\"unitType\":\"\",\"unitValue\":\"\"}}],\"psap\":{\"fccId\":\"935\",\"type\":\"Enhanced\",\"agency\":\"San Jose Police Department\",\"phone\":\"408-277-8911\",\"county\":{\"name\":\"Santa Clara\",\"fips\":\"06085\"},\"coverage\":{\"area\":\"Portion of Santa Clara(CA) County\",\"comments\":\"None\",\"exceptions\":\"None\"},\"contactPerson\":{\"title\":\"Communications Division Manager\",\"prefix\":\"Ms.\",\"firstName\":\"Joey\",\"lastName\":\"McDonald\",\"phone\":\"408-277-4212\",\"fax\":\"408-294-6911\",\"email\":\"N/A\",\"additionalDetails\":\"None\"},\"siteDetails\":{\"phone\":\"408-277-8911\",\"fax\":\"408-294-6911\",\"address\":{\"formattedAddress\":\"201 West Mission Street San Jose CA 95110\",\"mainAddressLine\":\"201 West Mission Street\",\"addressLastLine\":\"\",\"placeName\":\"\",\"areaName1\":\"CA\",\"areaName2\":\"\",\"areaName3\":\"San Jose\",\"areaName4\":\"\",\"postCode\":\"95110\",\"postCodeExt\":\"\",\"country\":\"USA\",\"addressNumber\":\"\",\"streetName\":\"\",\"unitType\":\"\",\"unitValue\":\"\"}},\"mailingAddress\":{\"formattedAddress\":\"201 West Mission Street San Jose CA 95110\",\"mainAddressLine\":\"201 West Mission Street\",\"addressLastLine\":\"\",\"placeName\":\"\",\"areaName1\":\"CA\",\"areaName2\":\"\",\"areaName3\":\"San Jose\",\"areaName4\":\"\",\"postCode\":\"95110\",\"postCodeExt\":\"\",\"country\":\"USA\",\"addressNumber\":\"\",\"streetName\":\"\",\"unitType\":\"\",\"unitValue\":\"\"}}}"}
11:25:11.166 [Test worker] INFO controller.reemoApi.ReemoAPI - no User found for phone number: 9522287193
{"phoneNumber":"","name":"","lastAddress":"","latitude":0.0,"longitude":0.0}
11:25:11.982 [Test worker] INFO controller.reemoApi.ReemoAPI - Schema: dbo
11:25:12.079 [Test worker] INFO controller.reemoApi.ReemoAPI - no User found for phone number: 9522287193
{"phoneNumber":"","name":"","lastAddress":"","latitude":37.284309,"longitude":-121.858191,"battery":"100","updateTime":"2018-01-29 18:18:23.0000000 +00:00","ahjs":"{\"ahjs\":[{\"ahjType\":\"ems\",\"ahjId\":\"1215.00000000000\",\"agency\":\"San Jose Police and Fire\",\"phone\":\"408-277-8991\",\"comments\":\"\",\"coverage\":{\"area\":\"Portion of Santa Clara(CA) County\",\"exceptions\":\"None\"},\"contactPerson\":{\"phone\":\"408-277-8911\"},\"mailingAddress\":{\"formattedAddress\":\"201 West Mission Street San Jose CA 95110\",\"mainAddressLine\":\"201 West Mission Street\",\"addressLastLine\":\"\",\"placeName\":\"\",\"areaName1\":\"CA\",\"areaName2\":\"\",\"areaName3\":\"San Jose\",\"areaName4\":\"\",\"postCode\":\"95110\",\"postCodeExt\":\"\",\"country\":\"USA\",\"addressNumber\":\"\",\"streetName\":\"\",\"unitType\":\"\",\"unitValue\":\"\"}},{\"ahjType\":\"fire\",\"ahjId\":\"1185.00000000000\",\"agency\":\"San Jose Police and Fire\",\"phone\":\"408-277-8991\",\"comments\":\"\",\"coverage\":{\"area\":\"Portion of Santa Clara(CA) County\",\"exceptions\":\"None\"},\"contactPerson\":{\"phone\":\"408-277-8911\"},\"mailingAddress\":{\"formattedAddress\":\"201 West Mission Street San Jose CA 95110\",\"mainAddressLine\":\"201 West Mission Street\",\"addressLastLine\":\"\",\"placeName\":\"\",\"areaName1\":\"CA\",\"areaName2\":\"\",\"areaName3\":\"San Jose\",\"areaName4\":\"\",\"postCode\":\"95110\",\"postCodeExt\":\"\",\"country\":\"USA\",\"addressNumber\":\"\",\"streetName\":\"\",\"unitType\":\"\",\"unitValue\":\"\"}},{\"ahjType\":\"police\",\"ahjId\":\"1179.00000000000\",\"agency\":\"Santa Clara Communications\",\"phone\":\"408-289-9530\",\"comments\":\"\",\"coverage\":{\"area\":\"Portion of Santa Clara(CA) County\",\"exceptions\":\"None\"},\"contactPerson\":{\"phone\":\"408-977-3272\"},\"mailingAddress\":{\"formattedAddress\":\"2700 Carol Drive San Jose CA 95125\",\"mainAddressLine\":\"2700 Carol Drive\",\"addressLastLine\":\"\",\"placeName\":\"\",\"areaName1\":\"CA\",\"areaName2\":\"\",\"areaName3\":\"San Jose\",\"areaName4\":\"\",\"postCode\":\"95125\",\"postCodeExt\":\"\",\"country\":\"USA\",\"addressNumber\":\"\",\"streetName\":\"\",\"unitType\":\"\",\"unitValue\":\"\"}}],\"psap\":{\"fccId\":\"935\",\"type\":\"Enhanced\",\"agency\":\"San Jose Police Department\",\"phone\":\"408-277-8911\",\"county\":{\"name\":\"Santa Clara\",\"fips\":\"06085\"},\"coverage\":{\"area\":\"Portion of Santa Clara(CA) County\",\"comments\":\"None\",\"exceptions\":\"None\"},\"contactPerson\":{\"title\":\"Communications Division Manager\",\"prefix\":\"Ms.\",\"firstName\":\"Joey\",\"lastName\":\"McDonald\",\"phone\":\"408-277-4212\",\"fax\":\"408-294-6911\",\"email\":\"N/A\",\"additionalDetails\":\"None\"},\"siteDetails\":{\"phone\":\"408-277-8911\",\"fax\":\"408-294-6911\",\"address\":{\"formattedAddress\":\"201 West Mission Street San Jose CA 95110\",\"mainAddressLine\":\"201 West Mission Street\",\"addressLastLine\":\"\",\"placeName\":\"\",\"areaName1\":\"CA\",\"areaName2\":\"\",\"areaName3\":\"San Jose\",\"areaName4\":\"\",\"postCode\":\"95110\",\"postCodeExt\":\"\",\"country\":\"USA\",\"addressNumber\":\"\",\"streetName\":\"\",\"unitType\":\"\",\"unitValue\":\"\"}},\"mailingAddress\":{\"formattedAddress\":\"201 West Mission Street San Jose CA 95110\",\"mainAddressLine\":\"201 West Mission Street\",\"addressLastLine\":\"\",\"placeName\":\"\",\"areaName1\":\"CA\",\"areaName2\":\"\",\"areaName3\":\"San Jose\",\"areaName4\":\"\",\"postCode\":\"95110\",\"postCodeExt\":\"\",\"country\":\"USA\",\"addressNumber\":\"\",\"streetName\":\"\",\"unitType\":\"\",\"unitValue\":\"\"}}}"}
]]></system-out>
  <system-err><![CDATA[com.microsoft.sqlserver.jdbc.SQLServerException: The statement did not return a result set.
	at com.microsoft.sqlserver.jdbc.SQLServerException.makeFromDriverError(SQLServerException.java:227)
	at com.microsoft.sqlserver.jdbc.SQLServerPreparedStatement.doExecutePreparedStatement(SQLServerPreparedStatement.java:470)
	at com.microsoft.sqlserver.jdbc.SQLServerPreparedStatement$PrepStmtExecCmd.doExecute(SQLServerPreparedStatement.java:409)
	at com.microsoft.sqlserver.jdbc.TDSCommand.execute(IOBuffer.java:7151)
	at com.microsoft.sqlserver.jdbc.SQLServerConnection.executeCommand(SQLServerConnection.java:2478)
	at com.microsoft.sqlserver.jdbc.SQLServerStatement.executeCommand(SQLServerStatement.java:219)
	at com.microsoft.sqlserver.jdbc.SQLServerStatement.executeStatement(SQLServerStatement.java:199)
	at com.microsoft.sqlserver.jdbc.SQLServerPreparedStatement.executeQuery(SQLServerPreparedStatement.java:331)
	at controller.reemoApi.ReemoAPI.getBasicUserInfo(ReemoAPI.java:137)
	at controller.reemoApi.ReemoAPI.getUser(ReemoAPI.java:59)
	at reemo.APITests.testBadUser(APITests.java:31)
	at sun.reflect.NativeMethodAccessorImpl.invoke0(Native Method)
	at sun.reflect.NativeMethodAccessorImpl.invoke(NativeMethodAccessorImpl.java:62)
	at sun.reflect.DelegatingMethodAccessorImpl.invoke(DelegatingMethodAccessorImpl.java:43)
	at java.lang.reflect.Method.invoke(Method.java:498)
	at org.junit.runners.model.FrameworkMethod$1.runReflectiveCall(FrameworkMethod.java:50)
	at org.junit.internal.runners.model.ReflectiveCallable.run(ReflectiveCallable.java:12)
	at org.junit.runners.model.FrameworkMethod.invokeExplosively(FrameworkMethod.java:47)
	at org.junit.internal.runners.statements.InvokeMethod.evaluate(InvokeMethod.java:17)
	at org.junit.runners.ParentRunner.runLeaf(ParentRunner.java:325)
	at org.junit.runners.BlockJUnit4ClassRunner.runChild(BlockJUnit4ClassRunner.java:78)
	at org.junit.runners.BlockJUnit4ClassRunner.runChild(BlockJUnit4ClassRunner.java:57)
	at org.junit.runners.ParentRunner$3.run(ParentRunner.java:290)
	at org.junit.runners.ParentRunner$1.schedule(ParentRunner.java:71)
	at org.junit.runners.ParentRunner.runChildren(ParentRunner.java:288)
	at org.junit.runners.ParentRunner.access$000(ParentRunner.java:58)
	at org.junit.runners.ParentRunner$2.evaluate(ParentRunner.java:268)
	at org.junit.runners.ParentRunner.run(ParentRunner.java:363)
	at org.gradle.api.internal.tasks.testing.junit.JUnitTestClassExecuter.runTestClass(JUnitTestClassExecuter.java:114)
	at org.gradle.api.internal.tasks.testing.junit.JUnitTestClassExecuter.execute(JUnitTestClassExecuter.java:57)
	at org.gradle.api.internal.tasks.testing.junit.JUnitTestClassProcessor.processTestClass(JUnitTestClassProcessor.java:66)
	at org.gradle.api.internal.tasks.testing.SuiteTestClassProcessor.processTestClass(SuiteTestClassProcessor.java:51)
	at sun.reflect.NativeMethodAccessorImpl.invoke0(Native Method)
	at sun.reflect.NativeMethodAccessorImpl.invoke(NativeMethodAccessorImpl.java:62)
	at sun.reflect.DelegatingMethodAccessorImpl.invoke(DelegatingMethodAccessorImpl.java:43)
	at java.lang.reflect.Method.invoke(Method.java:498)
	at org.gradle.internal.dispatch.ReflectionDispatch.dispatch(ReflectionDispatch.java:35)
	at org.gradle.internal.dispatch.ReflectionDispatch.dispatch(ReflectionDispatch.java:24)
	at org.gradle.internal.dispatch.ContextClassLoaderDispatch.dispatch(ContextClassLoaderDispatch.java:32)
	at org.gradle.internal.dispatch.ProxyDispatchAdapter$DispatchingInvocationHandler.invoke(ProxyDispatchAdapter.java:93)
	at com.sun.proxy.$Proxy3.processTestClass(Unknown Source)
	at org.gradle.api.internal.tasks.testing.worker.TestWorker.processTestClass(TestWorker.java:109)
	at sun.reflect.NativeMethodAccessorImpl.invoke0(Native Method)
	at sun.reflect.NativeMethodAccessorImpl.invoke(NativeMethodAccessorImpl.java:62)
	at sun.reflect.DelegatingMethodAccessorImpl.invoke(DelegatingMethodAccessorImpl.java:43)
	at java.lang.reflect.Method.invoke(Method.java:498)
	at org.gradle.internal.dispatch.ReflectionDispatch.dispatch(ReflectionDispatch.java:35)
	at org.gradle.internal.dispatch.ReflectionDispatch.dispatch(ReflectionDispatch.java:24)
	at org.gradle.internal.remote.internal.hub.MessageHubBackedObjectConnection$DispatchWrapper.dispatch(MessageHubBackedObjectConnection.java:147)
	at org.gradle.internal.remote.internal.hub.MessageHubBackedObjectConnection$DispatchWrapper.dispatch(MessageHubBackedObjectConnection.java:129)
	at org.gradle.internal.remote.internal.hub.MessageHub$Handler.run(MessageHub.java:404)
	at org.gradle.internal.concurrent.ExecutorPolicy$CatchAndRecordFailures.onExecute(ExecutorPolicy.java:63)
	at org.gradle.internal.concurrent.StoppableExecutorImpl$1.run(StoppableExecutorImpl.java:46)
	at java.util.concurrent.ThreadPoolExecutor.runWorker(ThreadPoolExecutor.java:1142)
	at java.util.concurrent.ThreadPoolExecutor$Worker.run(ThreadPoolExecutor.java:617)
	at java.lang.Thread.run(Thread.java:748)
java.lang.NullPointerException
	at controller.reemoApi.ReemoAPI.getBasicUserInfo(ReemoAPI.java:135)
	at reemo.APITests.testBasicUserInfo(APITests.java:40)
	at sun.reflect.NativeMethodAccessorImpl.invoke0(Native Method)
	at sun.reflect.NativeMethodAccessorImpl.invoke(NativeMethodAccessorImpl.java:62)
	at sun.reflect.DelegatingMethodAccessorImpl.invoke(DelegatingMethodAccessorImpl.java:43)
	at java.lang.reflect.Method.invoke(Method.java:498)
	at org.junit.runners.model.FrameworkMethod$1.runReflectiveCall(FrameworkMethod.java:50)
	at org.junit.internal.runners.model.ReflectiveCallable.run(ReflectiveCallable.java:12)
	at org.junit.runners.model.FrameworkMethod.invokeExplosively(FrameworkMethod.java:47)
	at org.junit.internal.runners.statements.InvokeMethod.evaluate(InvokeMethod.java:17)
	at org.junit.runners.ParentRunner.runLeaf(ParentRunner.java:325)
	at org.junit.runners.BlockJUnit4ClassRunner.runChild(BlockJUnit4ClassRunner.java:78)
	at org.junit.runners.BlockJUnit4ClassRunner.runChild(BlockJUnit4ClassRunner.java:57)
	at org.junit.runners.ParentRunner$3.run(ParentRunner.java:290)
	at org.junit.runners.ParentRunner$1.schedule(ParentRunner.java:71)
	at org.junit.runners.ParentRunner.runChildren(ParentRunner.java:288)
	at org.junit.runners.ParentRunner.access$000(ParentRunner.java:58)
	at org.junit.runners.ParentRunner$2.evaluate(ParentRunner.java:268)
	at org.junit.runners.ParentRunner.run(ParentRunner.java:363)
	at org.gradle.api.internal.tasks.testing.junit.JUnitTestClassExecuter.runTestClass(JUnitTestClassExecuter.java:114)
	at org.gradle.api.internal.tasks.testing.junit.JUnitTestClassExecuter.execute(JUnitTestClassExecuter.java:57)
	at org.gradle.api.internal.tasks.testing.junit.JUnitTestClassProcessor.processTestClass(JUnitTestClassProcessor.java:66)
	at org.gradle.api.internal.tasks.testing.SuiteTestClassProcessor.processTestClass(SuiteTestClassProcessor.java:51)
	at sun.reflect.NativeMethodAccessorImpl.invoke0(Native Method)
	at sun.reflect.NativeMethodAccessorImpl.invoke(NativeMethodAccessorImpl.java:62)
	at sun.reflect.DelegatingMethodAccessorImpl.invoke(DelegatingMethodAccessorImpl.java:43)
	at java.lang.reflect.Method.invoke(Method.java:498)
	at org.gradle.internal.dispatch.ReflectionDispatch.dispatch(ReflectionDispatch.java:35)
	at org.gradle.internal.dispatch.ReflectionDispatch.dispatch(ReflectionDispatch.java:24)
	at org.gradle.internal.dispatch.ContextClassLoaderDispatch.dispatch(ContextClassLoaderDispatch.java:32)
	at org.gradle.internal.dispatch.ProxyDispatchAdapter$DispatchingInvocationHandler.invoke(ProxyDispatchAdapter.java:93)
	at com.sun.proxy.$Proxy3.processTestClass(Unknown Source)
	at org.gradle.api.internal.tasks.testing.worker.TestWorker.processTestClass(TestWorker.java:109)
	at sun.reflect.NativeMethodAccessorImpl.invoke0(Native Method)
	at sun.reflect.NativeMethodAccessorImpl.invoke(NativeMethodAccessorImpl.java:62)
	at sun.reflect.DelegatingMethodAccessorImpl.invoke(DelegatingMethodAccessorImpl.java:43)
	at java.lang.reflect.Method.invoke(Method.java:498)
	at org.gradle.internal.dispatch.ReflectionDispatch.dispatch(ReflectionDispatch.java:35)
	at org.gradle.internal.dispatch.ReflectionDispatch.dispatch(ReflectionDispatch.java:24)
	at org.gradle.internal.remote.internal.hub.MessageHubBackedObjectConnection$DispatchWrapper.dispatch(MessageHubBackedObjectConnection.java:147)
	at org.gradle.internal.remote.internal.hub.MessageHubBackedObjectConnection$DispatchWrapper.dispatch(MessageHubBackedObjectConnection.java:129)
	at org.gradle.internal.remote.internal.hub.MessageHub$Handler.run(MessageHub.java:404)
	at org.gradle.internal.concurrent.ExecutorPolicy$CatchAndRecordFailures.onExecute(ExecutorPolicy.java:63)
	at org.gradle.internal.concurrent.StoppableExecutorImpl$1.run(StoppableExecutorImpl.java:46)
	at java.util.concurrent.ThreadPoolExecutor.runWorker(ThreadPoolExecutor.java:1142)
	at java.util.concurrent.ThreadPoolExecutor$Worker.run(ThreadPoolExecutor.java:617)
	at java.lang.Thread.run(Thread.java:748)
com.microsoft.sqlserver.jdbc.SQLServerException: The column name full_name is not valid.
	at com.microsoft.sqlserver.jdbc.SQLServerException.makeFromDriverError(SQLServerException.java:227)
	at com.microsoft.sqlserver.jdbc.SQLServerResultSet.findColumn(SQLServerResultSet.java:654)
	at com.microsoft.sqlserver.jdbc.SQLServerResultSet.getString(SQLServerResultSet.java:2225)
	at controller.reemoApi.ReemoAPI.getBasicUserInfo(ReemoAPI.java:140)
	at controller.reemoApi.ReemoAPI.getUser(ReemoAPI.java:59)
	at reemo.APITests.testGetUserInfo(APITests.java:23)
	at sun.reflect.NativeMethodAccessorImpl.invoke0(Native Method)
	at sun.reflect.NativeMethodAccessorImpl.invoke(NativeMethodAccessorImpl.java:62)
	at sun.reflect.DelegatingMethodAccessorImpl.invoke(DelegatingMethodAccessorImpl.java:43)
	at java.lang.reflect.Method.invoke(Method.java:498)
	at org.junit.runners.model.FrameworkMethod$1.runReflectiveCall(FrameworkMethod.java:50)
	at org.junit.internal.runners.model.ReflectiveCallable.run(ReflectiveCallable.java:12)
	at org.junit.runners.model.FrameworkMethod.invokeExplosively(FrameworkMethod.java:47)
	at org.junit.internal.runners.statements.InvokeMethod.evaluate(InvokeMethod.java:17)
	at org.junit.runners.ParentRunner.runLeaf(ParentRunner.java:325)
	at org.junit.runners.BlockJUnit4ClassRunner.runChild(BlockJUnit4ClassRunner.java:78)
	at org.junit.runners.BlockJUnit4ClassRunner.runChild(BlockJUnit4ClassRunner.java:57)
	at org.junit.runners.ParentRunner$3.run(ParentRunner.java:290)
	at org.junit.runners.ParentRunner$1.schedule(ParentRunner.java:71)
	at org.junit.runners.ParentRunner.runChildren(ParentRunner.java:288)
	at org.junit.runners.ParentRunner.access$000(ParentRunner.java:58)
	at org.junit.runners.ParentRunner$2.evaluate(ParentRunner.java:268)
	at org.junit.runners.ParentRunner.run(ParentRunner.java:363)
	at org.gradle.api.internal.tasks.testing.junit.JUnitTestClassExecuter.runTestClass(JUnitTestClassExecuter.java:114)
	at org.gradle.api.internal.tasks.testing.junit.JUnitTestClassExecuter.execute(JUnitTestClassExecuter.java:57)
	at org.gradle.api.internal.tasks.testing.junit.JUnitTestClassProcessor.processTestClass(JUnitTestClassProcessor.java:66)
	at org.gradle.api.internal.tasks.testing.SuiteTestClassProcessor.processTestClass(SuiteTestClassProcessor.java:51)
	at sun.reflect.NativeMethodAccessorImpl.invoke0(Native Method)
	at sun.reflect.NativeMethodAccessorImpl.invoke(NativeMethodAccessorImpl.java:62)
	at sun.reflect.DelegatingMethodAccessorImpl.invoke(DelegatingMethodAccessorImpl.java:43)
	at java.lang.reflect.Method.invoke(Method.java:498)
	at org.gradle.internal.dispatch.ReflectionDispatch.dispatch(ReflectionDispatch.java:35)
	at org.gradle.internal.dispatch.ReflectionDispatch.dispatch(ReflectionDispatch.java:24)
	at org.gradle.internal.dispatch.ContextClassLoaderDispatch.dispatch(ContextClassLoaderDispatch.java:32)
	at org.gradle.internal.dispatch.ProxyDispatchAdapter$DispatchingInvocationHandler.invoke(ProxyDispatchAdapter.java:93)
	at com.sun.proxy.$Proxy3.processTestClass(Unknown Source)
	at org.gradle.api.internal.tasks.testing.worker.TestWorker.processTestClass(TestWorker.java:109)
	at sun.reflect.NativeMethodAccessorImpl.invoke0(Native Method)
	at sun.reflect.NativeMethodAccessorImpl.invoke(NativeMethodAccessorImpl.java:62)
	at sun.reflect.DelegatingMethodAccessorImpl.invoke(DelegatingMethodAccessorImpl.java:43)
	at java.lang.reflect.Method.invoke(Method.java:498)
	at org.gradle.internal.dispatch.ReflectionDispatch.dispatch(ReflectionDispatch.java:35)
	at org.gradle.internal.dispatch.ReflectionDispatch.dispatch(ReflectionDispatch.java:24)
	at org.gradle.internal.remote.internal.hub.MessageHubBackedObjectConnection$DispatchWrapper.dispatch(MessageHubBackedObjectConnection.java:147)
	at org.gradle.internal.remote.internal.hub.MessageHubBackedObjectConnection$DispatchWrapper.dispatch(MessageHubBackedObjectConnection.java:129)
	at org.gradle.internal.remote.internal.hub.MessageHub$Handler.run(MessageHub.java:404)
	at org.gradle.internal.concurrent.ExecutorPolicy$CatchAndRecordFailures.onExecute(ExecutorPolicy.java:63)
	at org.gradle.internal.concurrent.StoppableExecutorImpl$1.run(StoppableExecutorImpl.java:46)
	at java.util.concurrent.ThreadPoolExecutor.runWorker(ThreadPoolExecutor.java:1142)
	at java.util.concurrent.ThreadPoolExecutor$Worker.run(ThreadPoolExecutor.java:617)
	at java.lang.Thread.run(Thread.java:748)
]]></system-err>
</testsuite>
