<?xml version="1.0" encoding="UTF-8"?>
<testsuite name="reemo.APITests" tests="4" skipped="0" failures="0" errors="0" timestamp="2018-02-09T20:11:04" hostname="JAKEPC" time="2.301">
  <properties/>
  <testcase name="testConnection" classname="reemo.APITests" time="0.637"/>
  <testcase name="testBadUser" classname="reemo.APITests" time="0.576"/>
  <testcase name="testBasicUserInfo" classname="reemo.APITests" time="0.553"/>
  <testcase name="testGetUserInfo" classname="reemo.APITests" time="0.534"/>
  <system-out><![CDATA[14:11:05.620 [Test worker] INFO controller.reemoApi.ReemoAPI - Schema: dbo
14:11:05.974 [Test worker] INFO controller.reemoApi.ReemoAPI - Schema: dbo
no user found for phone number: Jorge
No user found for phone number: Jorge
{"phoneNumber":"Jorge","name":"Pete Obringer","latitude":0.0,"longitude":0.0,"ahjs":"{\"ahjs\":[{\"ahjType\":\"ems\",\"ahjId\":\"1215.00000000000\",\"agency\":\"San Jose Police and Fire\",\"phone\":\"408-277-8991\",\"comments\":\"\",\"coverage\":{\"area\":\"Portion of Santa Clara(CA) County\",\"exceptions\":\"None\"},\"contactPerson\":{\"phone\":\"408-277-8911\"},\"mailingAddress\":{\"formattedAddress\":\"201 West Mission Street San Jose CA 95110\",\"mainAddressLine\":\"201 West Mission Street\",\"addressLastLine\":\"\",\"placeName\":\"\",\"areaName1\":\"CA\",\"areaName2\":\"\",\"areaName3\":\"San Jose\",\"areaName4\":\"\",\"postCode\":\"95110\",\"postCodeExt\":\"\",\"country\":\"USA\",\"addressNumber\":\"\",\"streetName\":\"\",\"unitType\":\"\",\"unitValue\":\"\"}},{\"ahjType\":\"fire\",\"ahjId\":\"1185.00000000000\",\"agency\":\"San Jose Police and Fire\",\"phone\":\"408-277-8991\",\"comments\":\"\",\"coverage\":{\"area\":\"Portion of Santa Clara(CA) County\",\"exceptions\":\"None\"},\"contactPerson\":{\"phone\":\"408-277-8911\"},\"mailingAddress\":{\"formattedAddress\":\"201 West Mission Street San Jose CA 95110\",\"mainAddressLine\":\"201 West Mission Street\",\"addressLastLine\":\"\",\"placeName\":\"\",\"areaName1\":\"CA\",\"areaName2\":\"\",\"areaName3\":\"San Jose\",\"areaName4\":\"\",\"postCode\":\"95110\",\"postCodeExt\":\"\",\"country\":\"USA\",\"addressNumber\":\"\",\"streetName\":\"\",\"unitType\":\"\",\"unitValue\":\"\"}},{\"ahjType\":\"police\",\"ahjId\":\"1179.00000000000\",\"agency\":\"Santa Clara Communications\",\"phone\":\"408-289-9530\",\"comments\":\"\",\"coverage\":{\"area\":\"Portion of Santa Clara(CA) County\",\"exceptions\":\"None\"},\"contactPerson\":{\"phone\":\"408-977-3272\"},\"mailingAddress\":{\"formattedAddress\":\"2700 Carol Drive San Jose CA 95125\",\"mainAddressLine\":\"2700 Carol Drive\",\"addressLastLine\":\"\",\"placeName\":\"\",\"areaName1\":\"CA\",\"areaName2\":\"\",\"areaName3\":\"San Jose\",\"areaName4\":\"\",\"postCode\":\"95125\",\"postCodeExt\":\"\",\"country\":\"USA\",\"addressNumber\":\"\",\"streetName\":\"\",\"unitType\":\"\",\"unitValue\":\"\"}}],\"psap\":{\"fccId\":\"935\",\"type\":\"Enhanced\",\"agency\":\"San Jose Police Department\",\"phone\":\"408-277-8911\",\"county\":{\"name\":\"Santa Clara\",\"fips\":\"06085\"},\"coverage\":{\"area\":\"Portion of Santa Clara(CA) County\",\"comments\":\"None\",\"exceptions\":\"None\"},\"contactPerson\":{\"title\":\"Communications Division Manager\",\"prefix\":\"Ms.\",\"firstName\":\"Joey\",\"lastName\":\"McDonald\",\"phone\":\"408-277-4212\",\"fax\":\"408-294-6911\",\"email\":\"N/A\",\"additionalDetails\":\"None\"},\"siteDetails\":{\"phone\":\"408-277-8911\",\"fax\":\"408-294-6911\",\"address\":{\"formattedAddress\":\"201 West Mission Street San Jose CA 95110\",\"mainAddressLine\":\"201 West Mission Street\",\"addressLastLine\":\"\",\"placeName\":\"\",\"areaName1\":\"CA\",\"areaName2\":\"\",\"areaName3\":\"San Jose\",\"areaName4\":\"\",\"postCode\":\"95110\",\"postCodeExt\":\"\",\"country\":\"USA\",\"addressNumber\":\"\",\"streetName\":\"\",\"unitType\":\"\",\"unitValue\":\"\"}},\"mailingAddress\":{\"formattedAddress\":\"201 West Mission Street San Jose CA 95110\",\"mainAddressLine\":\"201 West Mission Street\",\"addressLastLine\":\"\",\"placeName\":\"\",\"areaName1\":\"CA\",\"areaName2\":\"\",\"areaName3\":\"San Jose\",\"areaName4\":\"\",\"postCode\":\"95110\",\"postCodeExt\":\"\",\"country\":\"USA\",\"addressNumber\":\"\",\"streetName\":\"\",\"unitType\":\"\",\"unitValue\":\"\"}}}"}
14:11:06.742 [Test worker] INFO controller.reemoApi.ReemoAPI - no User found for phone number: 9522287193
{"latitude":0.0,"longitude":0.0}
14:11:07.097 [Test worker] INFO controller.reemoApi.ReemoAPI - Schema: dbo
{"phoneNumber":"9522287193","name":"Pete Obringer","latitude":37.284287,"longitude":-121.858176,"battery":"54","updateTime":"2018-02-09 19:48:15.0000000 +00:00","ahjs":"{\"ahjs\":[{\"ahjType\":\"ems\",\"ahjId\":\"1215.00000000000\",\"agency\":\"San Jose Police and Fire\",\"phone\":\"408-277-8991\",\"comments\":\"\",\"coverage\":{\"area\":\"Portion of Santa Clara(CA) County\",\"exceptions\":\"None\"},\"contactPerson\":{\"phone\":\"408-277-8911\"},\"mailingAddress\":{\"formattedAddress\":\"201 West Mission Street San Jose CA 95110\",\"mainAddressLine\":\"201 West Mission Street\",\"addressLastLine\":\"\",\"placeName\":\"\",\"areaName1\":\"CA\",\"areaName2\":\"\",\"areaName3\":\"San Jose\",\"areaName4\":\"\",\"postCode\":\"95110\",\"postCodeExt\":\"\",\"country\":\"USA\",\"addressNumber\":\"\",\"streetName\":\"\",\"unitType\":\"\",\"unitValue\":\"\"}},{\"ahjType\":\"fire\",\"ahjId\":\"1185.00000000000\",\"agency\":\"San Jose Police and Fire\",\"phone\":\"408-277-8991\",\"comments\":\"\",\"coverage\":{\"area\":\"Portion of Santa Clara(CA) County\",\"exceptions\":\"None\"},\"contactPerson\":{\"phone\":\"408-277-8911\"},\"mailingAddress\":{\"formattedAddress\":\"201 West Mission Street San Jose CA 95110\",\"mainAddressLine\":\"201 West Mission Street\",\"addressLastLine\":\"\",\"placeName\":\"\",\"areaName1\":\"CA\",\"areaName2\":\"\",\"areaName3\":\"San Jose\",\"areaName4\":\"\",\"postCode\":\"95110\",\"postCodeExt\":\"\",\"country\":\"USA\",\"addressNumber\":\"\",\"streetName\":\"\",\"unitType\":\"\",\"unitValue\":\"\"}},{\"ahjType\":\"police\",\"ahjId\":\"1179.00000000000\",\"agency\":\"Santa Clara Communications\",\"phone\":\"408-289-9530\",\"comments\":\"\",\"coverage\":{\"area\":\"Portion of Santa Clara(CA) County\",\"exceptions\":\"None\"},\"contactPerson\":{\"phone\":\"408-977-3272\"},\"mailingAddress\":{\"formattedAddress\":\"2700 Carol Drive San Jose CA 95125\",\"mainAddressLine\":\"2700 Carol Drive\",\"addressLastLine\":\"\",\"placeName\":\"\",\"areaName1\":\"CA\",\"areaName2\":\"\",\"areaName3\":\"San Jose\",\"areaName4\":\"\",\"postCode\":\"95125\",\"postCodeExt\":\"\",\"country\":\"USA\",\"addressNumber\":\"\",\"streetName\":\"\",\"unitType\":\"\",\"unitValue\":\"\"}}],\"psap\":{\"fccId\":\"935\",\"type\":\"Enhanced\",\"agency\":\"San Jose Police Department\",\"phone\":\"408-277-8911\",\"county\":{\"name\":\"Santa Clara\",\"fips\":\"06085\"},\"coverage\":{\"area\":\"Portion of Santa Clara(CA) County\",\"comments\":\"None\",\"exceptions\":\"None\"},\"contactPerson\":{\"title\":\"Communications Division Manager\",\"prefix\":\"Ms.\",\"firstName\":\"Joey\",\"lastName\":\"McDonald\",\"phone\":\"408-277-4212\",\"fax\":\"408-294-6911\",\"email\":\"N/A\",\"additionalDetails\":\"None\"},\"siteDetails\":{\"phone\":\"408-277-8911\",\"fax\":\"408-294-6911\",\"address\":{\"formattedAddress\":\"201 West Mission Street San Jose CA 95110\",\"mainAddressLine\":\"201 West Mission Street\",\"addressLastLine\":\"\",\"placeName\":\"\",\"areaName1\":\"CA\",\"areaName2\":\"\",\"areaName3\":\"San Jose\",\"areaName4\":\"\",\"postCode\":\"95110\",\"postCodeExt\":\"\",\"country\":\"USA\",\"addressNumber\":\"\",\"streetName\":\"\",\"unitType\":\"\",\"unitValue\":\"\"}},\"mailingAddress\":{\"formattedAddress\":\"201 West Mission Street San Jose CA 95110\",\"mainAddressLine\":\"201 West Mission Street\",\"addressLastLine\":\"\",\"placeName\":\"\",\"areaName1\":\"CA\",\"areaName2\":\"\",\"areaName3\":\"San Jose\",\"areaName4\":\"\",\"postCode\":\"95110\",\"postCodeExt\":\"\",\"country\":\"USA\",\"addressNumber\":\"\",\"streetName\":\"\",\"unitType\":\"\",\"unitValue\":\"\"}}}"}
]]></system-out>
  <system-err><![CDATA[java.lang.ArrayIndexOutOfBoundsException: -1
	at com.microsoft.sqlserver.jdbc.SQLServerResultSet.getColumn(SQLServerResultSet.java:681)
	at com.microsoft.sqlserver.jdbc.SQLServerResultSetMetaData.getColumnLabel(SQLServerResultSetMetaData.java:106)
	at controller.reemoApi.ReemoAPI.getBasicUserInfo(ReemoAPI.java:153)
	at reemo.APITests.testBasicUserInfo(APITests.java:40)
	at sun.reflect.NativeMethodAccessorImpl.invoke0(Native Method)
	at sun.reflect.NativeMethodAccessorImpl.invoke(NativeMethodAccessorImpl.java:62)
	at sun.reflect.DelegatingMethodAccessorImpl.invoke(DelegatingMethodAccessorImpl.java:43)
	at java.lang.reflect.Method.invoke(Method.java:498)
	at org.junit.runners.model.FrameworkMethod$1.runReflectiveCall(FrameworkMethod.java:50)
	at org.junit.internal.runners.model.ReflectiveCallable.run(ReflectiveCallable.java:12)
	at org.junit.runners.model.FrameworkMethod.invokeExplosively(FrameworkMethod.java:47)
	at org.junit.internal.runners.statements.InvokeMethod.evaluate(InvokeMethod.java:17)
	at org.junit.runners.ParentRunner.runLeaf(ParentRunner.java:325)
	at org.junit.runners.BlockJUnit4ClassRunner.runChild(BlockJUnit4ClassRunner.java:78)
	at org.junit.runners.BlockJUnit4ClassRunner.runChild(BlockJUnit4ClassRunner.java:57)
	at org.junit.runners.ParentRunner$3.run(ParentRunner.java:290)
	at org.junit.runners.ParentRunner$1.schedule(ParentRunner.java:71)
	at org.junit.runners.ParentRunner.runChildren(ParentRunner.java:288)
	at org.junit.runners.ParentRunner.access$000(ParentRunner.java:58)
	at org.junit.runners.ParentRunner$2.evaluate(ParentRunner.java:268)
	at org.junit.runners.ParentRunner.run(ParentRunner.java:363)
	at org.gradle.api.internal.tasks.testing.junit.JUnitTestClassExecuter.runTestClass(JUnitTestClassExecuter.java:114)
	at org.gradle.api.internal.tasks.testing.junit.JUnitTestClassExecuter.execute(JUnitTestClassExecuter.java:57)
	at org.gradle.api.internal.tasks.testing.junit.JUnitTestClassProcessor.processTestClass(JUnitTestClassProcessor.java:66)
	at org.gradle.api.internal.tasks.testing.SuiteTestClassProcessor.processTestClass(SuiteTestClassProcessor.java:51)
	at sun.reflect.NativeMethodAccessorImpl.invoke0(Native Method)
	at sun.reflect.NativeMethodAccessorImpl.invoke(NativeMethodAccessorImpl.java:62)
	at sun.reflect.DelegatingMethodAccessorImpl.invoke(DelegatingMethodAccessorImpl.java:43)
	at java.lang.reflect.Method.invoke(Method.java:498)
	at org.gradle.internal.dispatch.ReflectionDispatch.dispatch(ReflectionDispatch.java:35)
	at org.gradle.internal.dispatch.ReflectionDispatch.dispatch(ReflectionDispatch.java:24)
	at org.gradle.internal.dispatch.ContextClassLoaderDispatch.dispatch(ContextClassLoaderDispatch.java:32)
	at org.gradle.internal.dispatch.ProxyDispatchAdapter$DispatchingInvocationHandler.invoke(ProxyDispatchAdapter.java:93)
	at com.sun.proxy.$Proxy1.processTestClass(Unknown Source)
	at org.gradle.api.internal.tasks.testing.worker.TestWorker.processTestClass(TestWorker.java:108)
	at sun.reflect.NativeMethodAccessorImpl.invoke0(Native Method)
	at sun.reflect.NativeMethodAccessorImpl.invoke(NativeMethodAccessorImpl.java:62)
	at sun.reflect.DelegatingMethodAccessorImpl.invoke(DelegatingMethodAccessorImpl.java:43)
	at java.lang.reflect.Method.invoke(Method.java:498)
	at org.gradle.internal.dispatch.ReflectionDispatch.dispatch(ReflectionDispatch.java:35)
	at org.gradle.internal.dispatch.ReflectionDispatch.dispatch(ReflectionDispatch.java:24)
	at org.gradle.internal.remote.internal.hub.MessageHubBackedObjectConnection$DispatchWrapper.dispatch(MessageHubBackedObjectConnection.java:146)
	at org.gradle.internal.remote.internal.hub.MessageHubBackedObjectConnection$DispatchWrapper.dispatch(MessageHubBackedObjectConnection.java:128)
	at org.gradle.internal.remote.internal.hub.MessageHub$Handler.run(MessageHub.java:404)
	at org.gradle.internal.concurrent.ExecutorPolicy$CatchAndRecordFailures.onExecute(ExecutorPolicy.java:63)
	at org.gradle.internal.concurrent.ManagedExecutorImpl$1.run(ManagedExecutorImpl.java:46)
	at java.util.concurrent.ThreadPoolExecutor.runWorker(ThreadPoolExecutor.java:1142)
	at java.util.concurrent.ThreadPoolExecutor$Worker.run(ThreadPoolExecutor.java:617)
	at org.gradle.internal.concurrent.ThreadFactoryImpl$ManagedThreadRunnable.run(ThreadFactoryImpl.java:55)
	at java.lang.Thread.run(Thread.java:748)
]]></system-err>
</testsuite>
