<?xml version="1.0" encoding="UTF-8"?>
<testsuite name="PB.APITests" tests="3" skipped="0" failures="0" errors="0" timestamp="2018-03-08T18:51:43" hostname="DESKTOP-BSN0FB3" time="0.07">
  <properties/>
  <testcase name="testLocation" classname="PB.APITests" time="0.063"/>
  <testcase name="testPBAPI" classname="PB.APITests" time="0.0"/>
  <testcase name="testAhjs" classname="PB.APITests" time="0.005"/>
  <system-out><![CDATA[{"ahjs":[{"ahjType":"ems","ahjId":"1215.00000000000","agency":"San Jose Police and Fire","phone":"408-277-8991","comments":"","coverage":{"area":"Portion of Santa Clara(CA) County","exceptions":"None"},"contactPerson":{"phone":"408-277-8911"},"mailingAddress":{"formattedAddress":"201 West Mission Street San Jose CA 95110","mainAddressLine":"201 West Mission Street","addressLastLine":"","placeName":"","areaName1":"CA","areaName2":"","areaName3":"San Jose","areaName4":"","postCode":"95110","postCodeExt":"","country":"USA","addressNumber":"","streetName":"","unitType":"","unitValue":""}},{"ahjType":"fire","ahjId":"1185.00000000000","agency":"San Jose Police and Fire","phone":"408-277-8991","comments":"","coverage":{"area":"Portion of Santa Clara(CA) County","exceptions":"None"},"contactPerson":{"phone":"408-277-8911"},"mailingAddress":{"formattedAddress":"201 West Mission Street San Jose CA 95110","mainAddressLine":"201 West Mission Street","addressLastLine":"","placeName":"","areaName1":"CA","areaName2":"","areaName3":"San Jose","areaName4":"","postCode":"95110","postCodeExt":"","country":"USA","addressNumber":"","streetName":"","unitType":"","unitValue":""}},{"ahjType":"police","ahjId":"1179.00000000000","agency":"Santa Clara Communications","phone":"408-289-9530","comments":"","coverage":{"area":"Portion of Santa Clara(CA) County","exceptions":"None"},"contactPerson":{"phone":"408-977-3272"},"mailingAddress":{"formattedAddress":"2700 Carol Drive San Jose CA 95125","mainAddressLine":"2700 Carol Drive","addressLastLine":"","placeName":"","areaName1":"CA","areaName2":"","areaName3":"San Jose","areaName4":"","postCode":"95125","postCodeExt":"","country":"USA","addressNumber":"","streetName":"","unitType":"","unitValue":""}}],"psap":{"fccId":"935","type":"Enhanced","agency":"San Jose Police Department","phone":"408-277-8911","county":{"name":"Santa Clara","fips":"06085"},"coverage":{"area":"Portion of Santa Clara(CA) County","comments":"None","exceptions":"None"},"contactPerson":{"title":"Communications Division Manager","prefix":"Ms.","firstName":"Joey","lastName":"McDonald","phone":"408-277-4212","fax":"408-294-6911","email":"N/A","additionalDetails":"None"},"siteDetails":{"phone":"408-277-8911","fax":"408-294-6911","address":{"formattedAddress":"201 West Mission Street San Jose CA 95110","mainAddressLine":"201 West Mission Street","addressLastLine":"","placeName":"","areaName1":"CA","areaName2":"","areaName3":"San Jose","areaName4":"","postCode":"95110","postCodeExt":"","country":"USA","addressNumber":"","streetName":"","unitType":"","unitValue":""}},"mailingAddress":{"formattedAddress":"201 West Mission Street San Jose CA 95110","mainAddressLine":"201 West Mission Street","addressLastLine":"","placeName":"","areaName1":"CA","areaName2":"","areaName3":"San Jose","areaName4":"","postCode":"95110","postCodeExt":"","country":"USA","addressNumber":"","streetName":"","unitType":"","unitValue":""}}}
]]></system-out>
  <system-err><![CDATA[]]></system-err>
</testsuite>
