<?xml version="1.0" encoding="UTF-8"?>
<testsuite name="PB.APITests" tests="2" skipped="0" failures="0" errors="0" timestamp="2018-02-12T17:25:07" hostname="DESKTOP-BSN0FB3" time="1.809">
  <properties/>
  <testcase name="testLocation" classname="PB.APITests" time="1.472"/>
  <testcase name="testAhjs" classname="PB.APITests" time="0.337"/>
  <system-out><![CDATA[11:25:08.096 [Test worker] DEBUG org.apache.http.client.protocol.RequestAddCookies - CookieSpec selected: default
11:25:08.108 [Test worker] DEBUG org.apache.http.client.protocol.RequestAuthCache - Auth cache not set in the context
11:25:08.110 [Test worker] DEBUG org.apache.http.impl.conn.PoolingHttpClientConnectionManager - Connection request: [route: {s}->https://api.pitneybowes.com:443][total kept alive: 0; route allocated: 0 of 2; total allocated: 0 of 20]
11:25:08.126 [Test worker] DEBUG org.apache.http.impl.conn.PoolingHttpClientConnectionManager - Connection leased: [id: 0][route: {s}->https://api.pitneybowes.com:443][total kept alive: 0; route allocated: 1 of 2; total allocated: 1 of 20]
11:25:08.128 [Test worker] DEBUG org.apache.http.impl.execchain.MainClientExec - Opening connection {s}->https://api.pitneybowes.com:443
11:25:08.216 [Test worker] DEBUG org.apache.http.impl.conn.DefaultHttpClientConnectionOperator - Connecting to api.pitneybowes.com/52.20.133.54:443
11:25:08.216 [Test worker] DEBUG org.apache.http.conn.ssl.SSLConnectionSocketFactory - Connecting socket to api.pitneybowes.com/52.20.133.54:443 with timeout 10000
11:25:08.283 [Test worker] DEBUG org.apache.http.conn.ssl.SSLConnectionSocketFactory - Enabled protocols: [TLSv1, TLSv1.1, TLSv1.2]
11:25:08.283 [Test worker] DEBUG org.apache.http.conn.ssl.SSLConnectionSocketFactory - Enabled cipher suites:[TLS_ECDHE_ECDSA_WITH_AES_128_CBC_SHA256, TLS_ECDHE_RSA_WITH_AES_128_CBC_SHA256, TLS_RSA_WITH_AES_128_CBC_SHA256, TLS_ECDH_ECDSA_WITH_AES_128_CBC_SHA256, TLS_ECDH_RSA_WITH_AES_128_CBC_SHA256, TLS_DHE_RSA_WITH_AES_128_CBC_SHA256, TLS_DHE_DSS_WITH_AES_128_CBC_SHA256, TLS_ECDHE_ECDSA_WITH_AES_128_CBC_SHA, TLS_ECDHE_RSA_WITH_AES_128_CBC_SHA, TLS_RSA_WITH_AES_128_CBC_SHA, TLS_ECDH_ECDSA_WITH_AES_128_CBC_SHA, TLS_ECDH_RSA_WITH_AES_128_CBC_SHA, TLS_DHE_RSA_WITH_AES_128_CBC_SHA, TLS_DHE_DSS_WITH_AES_128_CBC_SHA, TLS_ECDHE_ECDSA_WITH_AES_128_GCM_SHA256, TLS_ECDHE_RSA_WITH_AES_128_GCM_SHA256, TLS_RSA_WITH_AES_128_GCM_SHA256, TLS_ECDH_ECDSA_WITH_AES_128_GCM_SHA256, TLS_ECDH_RSA_WITH_AES_128_GCM_SHA256, TLS_DHE_RSA_WITH_AES_128_GCM_SHA256, TLS_DHE_DSS_WITH_AES_128_GCM_SHA256, TLS_ECDHE_ECDSA_WITH_3DES_EDE_CBC_SHA, TLS_ECDHE_RSA_WITH_3DES_EDE_CBC_SHA, SSL_RSA_WITH_3DES_EDE_CBC_SHA, TLS_ECDH_ECDSA_WITH_3DES_EDE_CBC_SHA, TLS_ECDH_RSA_WITH_3DES_EDE_CBC_SHA, SSL_DHE_RSA_WITH_3DES_EDE_CBC_SHA, SSL_DHE_DSS_WITH_3DES_EDE_CBC_SHA, TLS_EMPTY_RENEGOTIATION_INFO_SCSV]
11:25:08.283 [Test worker] DEBUG org.apache.http.conn.ssl.SSLConnectionSocketFactory - Starting handshake
11:25:08.434 [Test worker] DEBUG org.apache.http.conn.ssl.SSLConnectionSocketFactory - Secure session established
11:25:08.434 [Test worker] DEBUG org.apache.http.conn.ssl.SSLConnectionSocketFactory -  negotiated protocol: TLSv1.2
11:25:08.434 [Test worker] DEBUG org.apache.http.conn.ssl.SSLConnectionSocketFactory -  negotiated cipher suite: TLS_ECDHE_RSA_WITH_AES_128_GCM_SHA256
11:25:08.435 [Test worker] DEBUG org.apache.http.conn.ssl.SSLConnectionSocketFactory -  peer principal: CN=*.pitneybowes.com, OU=PSG, O=Pitney Bowes, L=Danbury, ST=Connecticut, C=US
11:25:08.435 [Test worker] DEBUG org.apache.http.conn.ssl.SSLConnectionSocketFactory -  peer alternative names: [*.pitneybowes.com, pitneybowes.com]
11:25:08.435 [Test worker] DEBUG org.apache.http.conn.ssl.SSLConnectionSocketFactory -  issuer principal: CN=Symantec Class 3 Secure Server CA - G4, OU=Symantec Trust Network, O=Symantec Corporation, C=US
11:25:08.438 [Test worker] DEBUG org.apache.http.impl.conn.DefaultHttpClientConnectionOperator - Connection established 172.16.7.196:25287<->52.20.133.54:443
11:25:08.439 [Test worker] DEBUG org.apache.http.impl.conn.DefaultManagedHttpClientConnection - http-outgoing-0: set socket timeout to 60000
11:25:08.439 [Test worker] DEBUG org.apache.http.impl.execchain.MainClientExec - Executing request POST /oauth/token HTTP/1.1
11:25:08.439 [Test worker] DEBUG org.apache.http.impl.execchain.MainClientExec - Proxy auth state: UNCHALLENGED
11:25:08.441 [Test worker] DEBUG org.apache.http.headers - http-outgoing-0 >> POST /oauth/token HTTP/1.1
11:25:08.441 [Test worker] DEBUG org.apache.http.headers - http-outgoing-0 >> authorization: Basic aHFxdVFUbjlBQTRHV09BS3lxQ3BwcG5GUTBaM251SE06Vzd6cDJ5SDB0VGk2TEdBUg==
11:25:08.441 [Test worker] DEBUG org.apache.http.headers - http-outgoing-0 >> content-type: application/x-www-form-urlencoded
11:25:08.441 [Test worker] DEBUG org.apache.http.headers - http-outgoing-0 >> accept-encoding: gzip
11:25:08.441 [Test worker] DEBUG org.apache.http.headers - http-outgoing-0 >> user-agent: unirest-java/1.1
11:25:08.441 [Test worker] DEBUG org.apache.http.headers - http-outgoing-0 >> Content-Length: 29
11:25:08.442 [Test worker] DEBUG org.apache.http.headers - http-outgoing-0 >> Host: api.pitneybowes.com
11:25:08.442 [Test worker] DEBUG org.apache.http.headers - http-outgoing-0 >> Connection: Keep-Alive
11:25:08.442 [Test worker] DEBUG org.apache.http.wire - http-outgoing-0 >> "POST /oauth/token HTTP/1.1[\r][\n]"
11:25:08.442 [Test worker] DEBUG org.apache.http.wire - http-outgoing-0 >> "authorization: Basic aHFxdVFUbjlBQTRHV09BS3lxQ3BwcG5GUTBaM251SE06Vzd6cDJ5SDB0VGk2TEdBUg==[\r][\n]"
11:25:08.442 [Test worker] DEBUG org.apache.http.wire - http-outgoing-0 >> "content-type: application/x-www-form-urlencoded[\r][\n]"
11:25:08.442 [Test worker] DEBUG org.apache.http.wire - http-outgoing-0 >> "accept-encoding: gzip[\r][\n]"
11:25:08.442 [Test worker] DEBUG org.apache.http.wire - http-outgoing-0 >> "user-agent: unirest-java/1.1[\r][\n]"
11:25:08.442 [Test worker] DEBUG org.apache.http.wire - http-outgoing-0 >> "Content-Length: 29[\r][\n]"
11:25:08.442 [Test worker] DEBUG org.apache.http.wire - http-outgoing-0 >> "Host: api.pitneybowes.com[\r][\n]"
11:25:08.443 [Test worker] DEBUG org.apache.http.wire - http-outgoing-0 >> "Connection: Keep-Alive[\r][\n]"
11:25:08.443 [Test worker] DEBUG org.apache.http.wire - http-outgoing-0 >> "[\r][\n]"
11:25:08.443 [Test worker] DEBUG org.apache.http.wire - http-outgoing-0 >> "grant_type=client_credentials"
11:25:08.740 [Test worker] DEBUG org.apache.http.wire - http-outgoing-0 << "HTTP/1.1 200 OK[\r][\n]"
11:25:08.740 [Test worker] DEBUG org.apache.http.wire - http-outgoing-0 << "Access-Control-Allow-Origin: *[\r][\n]"
11:25:08.740 [Test worker] DEBUG org.apache.http.wire - http-outgoing-0 << "Content-Type: application/json[\r][\n]"
11:25:08.740 [Test worker] DEBUG org.apache.http.wire - http-outgoing-0 << "Date: Mon, 12 Feb 2018 17:25:06 GMT[\r][\n]"
11:25:08.740 [Test worker] DEBUG org.apache.http.wire - http-outgoing-0 << "Content-Length: 186[\r][\n]"
11:25:08.740 [Test worker] DEBUG org.apache.http.wire - http-outgoing-0 << "Connection: keep-alive[\r][\n]"
11:25:08.740 [Test worker] DEBUG org.apache.http.wire - http-outgoing-0 << "[\r][\n]"
11:25:08.740 [Test worker] DEBUG org.apache.http.wire - http-outgoing-0 << "{"access_token":"B13S6l69vF0w7CSAov2Mu6y7GEjB","tokenType":"BearerToken","issuedAt":"1518456306959","expiresIn":"35999","clientID":"hqquQTn9AA4GWOAKyqCpppnFQ0Z3nuHM","org":"pitneybowes"}"
11:25:08.744 [Test worker] DEBUG org.apache.http.headers - http-outgoing-0 << HTTP/1.1 200 OK
11:25:08.744 [Test worker] DEBUG org.apache.http.headers - http-outgoing-0 << Access-Control-Allow-Origin: *
11:25:08.744 [Test worker] DEBUG org.apache.http.headers - http-outgoing-0 << Content-Type: application/json
11:25:08.744 [Test worker] DEBUG org.apache.http.headers - http-outgoing-0 << Date: Mon, 12 Feb 2018 17:25:06 GMT
11:25:08.744 [Test worker] DEBUG org.apache.http.headers - http-outgoing-0 << Content-Length: 186
11:25:08.744 [Test worker] DEBUG org.apache.http.headers - http-outgoing-0 << Connection: keep-alive
11:25:08.749 [Test worker] DEBUG org.apache.http.impl.execchain.MainClientExec - Connection can be kept alive indefinitely
11:25:08.753 [Test worker] DEBUG org.apache.http.impl.conn.PoolingHttpClientConnectionManager - Connection [id: 0][route: {s}->https://api.pitneybowes.com:443] can be kept alive indefinitely
11:25:08.754 [Test worker] DEBUG org.apache.http.impl.conn.PoolingHttpClientConnectionManager - Connection released: [id: 0][route: {s}->https://api.pitneybowes.com:443][total kept alive: 1; route allocated: 1 of 2; total allocated: 1 of 20]
11:25:08.759 [Test worker] INFO controller.PBAPI - successfully authenticated with access token: B13S6l69vF0w7CSAov2Mu6y7GEjB
11:25:08.763 [Test worker] DEBUG org.apache.http.client.protocol.RequestAddCookies - CookieSpec selected: default
11:25:08.763 [Test worker] DEBUG org.apache.http.client.protocol.RequestAuthCache - Auth cache not set in the context
11:25:08.763 [Test worker] DEBUG org.apache.http.impl.conn.PoolingHttpClientConnectionManager - Connection request: [route: {s}->https://api.pitneybowes.com:443][total kept alive: 1; route allocated: 1 of 2; total allocated: 1 of 20]
11:25:08.763 [Test worker] DEBUG org.apache.http.impl.conn.PoolingHttpClientConnectionManager - Connection leased: [id: 0][route: {s}->https://api.pitneybowes.com:443][total kept alive: 0; route allocated: 1 of 2; total allocated: 1 of 20]
11:25:08.763 [Test worker] DEBUG org.apache.http.impl.conn.DefaultManagedHttpClientConnection - http-outgoing-0: set socket timeout to 60000
11:25:08.764 [Test worker] DEBUG org.apache.http.impl.execchain.MainClientExec - Executing request GET /location-intelligence/geoenrich/v1/address/bylocation?latitude=44.9256313&longitude=-93.20988499999999&searchRadius=2640&searchRadiusUnit=feet HTTP/1.1
11:25:08.764 [Test worker] DEBUG org.apache.http.impl.execchain.MainClientExec - Proxy auth state: UNCHALLENGED
11:25:08.764 [Test worker] DEBUG org.apache.http.headers - http-outgoing-0 >> GET /location-intelligence/geoenrich/v1/address/bylocation?latitude=44.9256313&longitude=-93.20988499999999&searchRadius=2640&searchRadiusUnit=feet HTTP/1.1
11:25:08.764 [Test worker] DEBUG org.apache.http.headers - http-outgoing-0 >> authorization: Bearer B13S6l69vF0w7CSAov2Mu6y7GEjB
11:25:08.764 [Test worker] DEBUG org.apache.http.headers - http-outgoing-0 >> accept-encoding: gzip
11:25:08.764 [Test worker] DEBUG org.apache.http.headers - http-outgoing-0 >> user-agent: unirest-java/1.1
11:25:08.764 [Test worker] DEBUG org.apache.http.headers - http-outgoing-0 >> Host: api.pitneybowes.com
11:25:08.764 [Test worker] DEBUG org.apache.http.headers - http-outgoing-0 >> Connection: Keep-Alive
11:25:08.764 [Test worker] DEBUG org.apache.http.wire - http-outgoing-0 >> "GET /location-intelligence/geoenrich/v1/address/bylocation?latitude=44.9256313&longitude=-93.20988499999999&searchRadius=2640&searchRadiusUnit=feet HTTP/1.1[\r][\n]"
11:25:08.764 [Test worker] DEBUG org.apache.http.wire - http-outgoing-0 >> "authorization: Bearer B13S6l69vF0w7CSAov2Mu6y7GEjB[\r][\n]"
11:25:08.764 [Test worker] DEBUG org.apache.http.wire - http-outgoing-0 >> "accept-encoding: gzip[\r][\n]"
11:25:08.765 [Test worker] DEBUG org.apache.http.wire - http-outgoing-0 >> "user-agent: unirest-java/1.1[\r][\n]"
11:25:08.765 [Test worker] DEBUG org.apache.http.wire - http-outgoing-0 >> "Host: api.pitneybowes.com[\r][\n]"
11:25:08.765 [Test worker] DEBUG org.apache.http.wire - http-outgoing-0 >> "Connection: Keep-Alive[\r][\n]"
11:25:08.765 [Test worker] DEBUG org.apache.http.wire - http-outgoing-0 >> "[\r][\n]"
11:25:08.921 [Test worker] DEBUG org.apache.http.wire - http-outgoing-0 << "HTTP/1.1 200 OK[\r][\n]"
11:25:08.922 [Test worker] DEBUG org.apache.http.wire - http-outgoing-0 << "Access-Control-Allow-Credentials: true[\r][\n]"
11:25:08.922 [Test worker] DEBUG org.apache.http.wire - http-outgoing-0 << "Access-Control-Allow-Headers: accept, authorization, content-type[\r][\n]"
11:25:08.922 [Test worker] DEBUG org.apache.http.wire - http-outgoing-0 << "Access-Control-Allow-Methods: GET, PUT, POST, DELETE, OPTIONS[\r][\n]"
11:25:08.922 [Test worker] DEBUG org.apache.http.wire - http-outgoing-0 << "Access-Control-Allow-Origin: *[\r][\n]"
11:25:08.922 [Test worker] DEBUG org.apache.http.wire - http-outgoing-0 << "Access-Control-Max-Age: 3628800[\r][\n]"
11:25:08.922 [Test worker] DEBUG org.apache.http.wire - http-outgoing-0 << "Content-Type: application/json[\r][\n]"
11:25:08.922 [Test worker] DEBUG org.apache.http.wire - http-outgoing-0 << "Date: Mon, 12 Feb 2018 17:25:07 GMT[\r][\n]"
11:25:08.922 [Test worker] DEBUG org.apache.http.wire - http-outgoing-0 << "X-PB-IsBilled: true[\r][\n]"
11:25:08.922 [Test worker] DEBUG org.apache.http.wire - http-outgoing-0 << "X-PB-MessageWeight: 3[\r][\n]"
11:25:08.922 [Test worker] DEBUG org.apache.http.wire - http-outgoing-0 << "X-PB-TransactionID: rrt-0af99b4241fabd994-c-ea-11607-8690089-41[\r][\n]"
11:25:08.922 [Test worker] DEBUG org.apache.http.wire - http-outgoing-0 << "Content-Length: 587[\r][\n]"
11:25:08.922 [Test worker] DEBUG org.apache.http.wire - http-outgoing-0 << "Connection: keep-alive[\r][\n]"
11:25:08.922 [Test worker] DEBUG org.apache.http.wire - http-outgoing-0 << "[\r][\n]"
11:25:08.922 [Test worker] DEBUG org.apache.http.wire - http-outgoing-0 << "{"location":[{"match":{"precisionLevel":"0","locationCode":"AP02","matchCode":"NP0"},"address":{"formattedAddress":"4241 44TH AVE S MINNEAPOLIS, MN  55406-3540","mainAddressLine":"4241 44TH AVE S","addressLastLine":"MINNEAPOLIS, MN  55406-3540","placeName":"","areaName1":"MN","areaName2":"HENNEPIN COUNTY","areaName3":"MINNEAPOLIS","areaName4":"","postCode":"55406","postCodeExt":"3540","country":"USA","addressNumber":"4241","streetName":"44TH","unitType":"","unitValue":""},"distance":{"unit":"FEET","value":"11.900"},"geometry":{"type":"Point","coordinates":[-93.20985,44.925609]}}]}"
11:25:08.923 [Test worker] DEBUG org.apache.http.headers - http-outgoing-0 << HTTP/1.1 200 OK
11:25:08.923 [Test worker] DEBUG org.apache.http.headers - http-outgoing-0 << Access-Control-Allow-Credentials: true
11:25:08.923 [Test worker] DEBUG org.apache.http.headers - http-outgoing-0 << Access-Control-Allow-Headers: accept, authorization, content-type
11:25:08.923 [Test worker] DEBUG org.apache.http.headers - http-outgoing-0 << Access-Control-Allow-Methods: GET, PUT, POST, DELETE, OPTIONS
11:25:08.923 [Test worker] DEBUG org.apache.http.headers - http-outgoing-0 << Access-Control-Allow-Origin: *
11:25:08.923 [Test worker] DEBUG org.apache.http.headers - http-outgoing-0 << Access-Control-Max-Age: 3628800
11:25:08.923 [Test worker] DEBUG org.apache.http.headers - http-outgoing-0 << Content-Type: application/json
11:25:08.923 [Test worker] DEBUG org.apache.http.headers - http-outgoing-0 << Date: Mon, 12 Feb 2018 17:25:07 GMT
11:25:08.923 [Test worker] DEBUG org.apache.http.headers - http-outgoing-0 << X-PB-IsBilled: true
11:25:08.923 [Test worker] DEBUG org.apache.http.headers - http-outgoing-0 << X-PB-MessageWeight: 3
11:25:08.923 [Test worker] DEBUG org.apache.http.headers - http-outgoing-0 << X-PB-TransactionID: rrt-0af99b4241fabd994-c-ea-11607-8690089-41
11:25:08.923 [Test worker] DEBUG org.apache.http.headers - http-outgoing-0 << Content-Length: 587
11:25:08.923 [Test worker] DEBUG org.apache.http.headers - http-outgoing-0 << Connection: keep-alive
11:25:08.923 [Test worker] DEBUG org.apache.http.impl.execchain.MainClientExec - Connection can be kept alive indefinitely
11:25:08.924 [Test worker] DEBUG org.apache.http.impl.conn.PoolingHttpClientConnectionManager - Connection [id: 0][route: {s}->https://api.pitneybowes.com:443] can be kept alive indefinitely
11:25:08.924 [Test worker] DEBUG org.apache.http.impl.conn.PoolingHttpClientConnectionManager - Connection released: [id: 0][route: {s}->https://api.pitneybowes.com:443][total kept alive: 1; route allocated: 1 of 2; total allocated: 1 of 20]
THE RESPONSE:::: 4241 44TH AVE S MINNEAPOLIS, MN  55406-3540
11:25:08.928 [Test worker] DEBUG org.apache.http.client.protocol.RequestAddCookies - CookieSpec selected: default
11:25:08.928 [Test worker] DEBUG org.apache.http.client.protocol.RequestAuthCache - Auth cache not set in the context
11:25:08.928 [Test worker] DEBUG org.apache.http.impl.conn.PoolingHttpClientConnectionManager - Connection request: [route: {s}->https://api.pitneybowes.com:443][total kept alive: 1; route allocated: 1 of 2; total allocated: 1 of 20]
11:25:08.928 [Test worker] DEBUG org.apache.http.impl.conn.PoolingHttpClientConnectionManager - Connection leased: [id: 0][route: {s}->https://api.pitneybowes.com:443][total kept alive: 0; route allocated: 1 of 2; total allocated: 1 of 20]
11:25:08.928 [Test worker] DEBUG org.apache.http.impl.conn.DefaultManagedHttpClientConnection - http-outgoing-0: set socket timeout to 60000
11:25:08.928 [Test worker] DEBUG org.apache.http.impl.execchain.MainClientExec - Executing request POST /oauth/token HTTP/1.1
11:25:08.928 [Test worker] DEBUG org.apache.http.impl.execchain.MainClientExec - Proxy auth state: UNCHALLENGED
11:25:08.929 [Test worker] DEBUG org.apache.http.headers - http-outgoing-0 >> POST /oauth/token HTTP/1.1
11:25:08.929 [Test worker] DEBUG org.apache.http.headers - http-outgoing-0 >> authorization: Basic aHFxdVFUbjlBQTRHV09BS3lxQ3BwcG5GUTBaM251SE06Vzd6cDJ5SDB0VGk2TEdBUg==
11:25:08.929 [Test worker] DEBUG org.apache.http.headers - http-outgoing-0 >> content-type: application/x-www-form-urlencoded
11:25:08.929 [Test worker] DEBUG org.apache.http.headers - http-outgoing-0 >> accept-encoding: gzip
11:25:08.929 [Test worker] DEBUG org.apache.http.headers - http-outgoing-0 >> user-agent: unirest-java/1.1
11:25:08.929 [Test worker] DEBUG org.apache.http.headers - http-outgoing-0 >> Content-Length: 29
11:25:08.929 [Test worker] DEBUG org.apache.http.headers - http-outgoing-0 >> Host: api.pitneybowes.com
11:25:08.929 [Test worker] DEBUG org.apache.http.headers - http-outgoing-0 >> Connection: Keep-Alive
11:25:08.929 [Test worker] DEBUG org.apache.http.wire - http-outgoing-0 >> "POST /oauth/token HTTP/1.1[\r][\n]"
11:25:08.929 [Test worker] DEBUG org.apache.http.wire - http-outgoing-0 >> "authorization: Basic aHFxdVFUbjlBQTRHV09BS3lxQ3BwcG5GUTBaM251SE06Vzd6cDJ5SDB0VGk2TEdBUg==[\r][\n]"
11:25:08.929 [Test worker] DEBUG org.apache.http.wire - http-outgoing-0 >> "content-type: application/x-www-form-urlencoded[\r][\n]"
11:25:08.929 [Test worker] DEBUG org.apache.http.wire - http-outgoing-0 >> "accept-encoding: gzip[\r][\n]"
11:25:08.929 [Test worker] DEBUG org.apache.http.wire - http-outgoing-0 >> "user-agent: unirest-java/1.1[\r][\n]"
11:25:08.929 [Test worker] DEBUG org.apache.http.wire - http-outgoing-0 >> "Content-Length: 29[\r][\n]"
11:25:08.930 [Test worker] DEBUG org.apache.http.wire - http-outgoing-0 >> "Host: api.pitneybowes.com[\r][\n]"
11:25:08.930 [Test worker] DEBUG org.apache.http.wire - http-outgoing-0 >> "Connection: Keep-Alive[\r][\n]"
11:25:08.930 [Test worker] DEBUG org.apache.http.wire - http-outgoing-0 >> "[\r][\n]"
11:25:08.930 [Test worker] DEBUG org.apache.http.wire - http-outgoing-0 >> "grant_type=client_credentials"
11:25:09.160 [Test worker] DEBUG org.apache.http.wire - http-outgoing-0 << "HTTP/1.1 200 OK[\r][\n]"
11:25:09.160 [Test worker] DEBUG org.apache.http.wire - http-outgoing-0 << "Access-Control-Allow-Origin: *[\r][\n]"
11:25:09.160 [Test worker] DEBUG org.apache.http.wire - http-outgoing-0 << "Content-Type: application/json[\r][\n]"
11:25:09.160 [Test worker] DEBUG org.apache.http.wire - http-outgoing-0 << "Date: Mon, 12 Feb 2018 17:25:07 GMT[\r][\n]"
11:25:09.160 [Test worker] DEBUG org.apache.http.wire - http-outgoing-0 << "Content-Length: 186[\r][\n]"
11:25:09.160 [Test worker] DEBUG org.apache.http.wire - http-outgoing-0 << "Connection: keep-alive[\r][\n]"
11:25:09.160 [Test worker] DEBUG org.apache.http.wire - http-outgoing-0 << "[\r][\n]"
11:25:09.160 [Test worker] DEBUG org.apache.http.wire - http-outgoing-0 << "{"access_token":"52yvGsmzZcNYzTKAdtniiITacjHV","tokenType":"BearerToken","issuedAt":"1518456307378","expiresIn":"35999","clientID":"hqquQTn9AA4GWOAKyqCpppnFQ0Z3nuHM","org":"pitneybowes"}"
11:25:09.160 [Test worker] DEBUG org.apache.http.headers - http-outgoing-0 << HTTP/1.1 200 OK
11:25:09.160 [Test worker] DEBUG org.apache.http.headers - http-outgoing-0 << Access-Control-Allow-Origin: *
11:25:09.160 [Test worker] DEBUG org.apache.http.headers - http-outgoing-0 << Content-Type: application/json
11:25:09.160 [Test worker] DEBUG org.apache.http.headers - http-outgoing-0 << Date: Mon, 12 Feb 2018 17:25:07 GMT
11:25:09.160 [Test worker] DEBUG org.apache.http.headers - http-outgoing-0 << Content-Length: 186
11:25:09.160 [Test worker] DEBUG org.apache.http.headers - http-outgoing-0 << Connection: keep-alive
11:25:09.161 [Test worker] DEBUG org.apache.http.impl.execchain.MainClientExec - Connection can be kept alive indefinitely
11:25:09.161 [Test worker] DEBUG org.apache.http.impl.conn.PoolingHttpClientConnectionManager - Connection [id: 0][route: {s}->https://api.pitneybowes.com:443] can be kept alive indefinitely
11:25:09.161 [Test worker] DEBUG org.apache.http.impl.conn.PoolingHttpClientConnectionManager - Connection released: [id: 0][route: {s}->https://api.pitneybowes.com:443][total kept alive: 1; route allocated: 1 of 2; total allocated: 1 of 20]
11:25:09.161 [Test worker] INFO controller.PBAPI - successfully authenticated with access token: 52yvGsmzZcNYzTKAdtniiITacjHV
11:25:09.162 [Test worker] DEBUG org.apache.http.client.protocol.RequestAddCookies - CookieSpec selected: default
11:25:09.162 [Test worker] DEBUG org.apache.http.client.protocol.RequestAuthCache - Auth cache not set in the context
11:25:09.162 [Test worker] DEBUG org.apache.http.impl.conn.PoolingHttpClientConnectionManager - Connection request: [route: {s}->https://api.pitneybowes.com:443][total kept alive: 1; route allocated: 1 of 2; total allocated: 1 of 20]
11:25:09.162 [Test worker] DEBUG org.apache.http.impl.conn.PoolingHttpClientConnectionManager - Connection leased: [id: 0][route: {s}->https://api.pitneybowes.com:443][total kept alive: 0; route allocated: 1 of 2; total allocated: 1 of 20]
11:25:09.163 [Test worker] DEBUG org.apache.http.impl.conn.DefaultManagedHttpClientConnection - http-outgoing-0: set socket timeout to 60000
11:25:09.163 [Test worker] DEBUG org.apache.http.impl.execchain.MainClientExec - Executing request GET /location-intelligence/geo911/v1/ahj-psap/bylocation?latitude=44.9256313&longitude=-93.20988499999999%20 HTTP/1.1
11:25:09.163 [Test worker] DEBUG org.apache.http.impl.execchain.MainClientExec - Proxy auth state: UNCHALLENGED
11:25:09.163 [Test worker] DEBUG org.apache.http.headers - http-outgoing-0 >> GET /location-intelligence/geo911/v1/ahj-psap/bylocation?latitude=44.9256313&longitude=-93.20988499999999%20 HTTP/1.1
11:25:09.163 [Test worker] DEBUG org.apache.http.headers - http-outgoing-0 >> authorization: Bearer 52yvGsmzZcNYzTKAdtniiITacjHV
11:25:09.163 [Test worker] DEBUG org.apache.http.headers - http-outgoing-0 >> accept-encoding: gzip
11:25:09.163 [Test worker] DEBUG org.apache.http.headers - http-outgoing-0 >> user-agent: unirest-java/1.1
11:25:09.163 [Test worker] DEBUG org.apache.http.headers - http-outgoing-0 >> Host: api.pitneybowes.com
11:25:09.163 [Test worker] DEBUG org.apache.http.headers - http-outgoing-0 >> Connection: Keep-Alive
11:25:09.163 [Test worker] DEBUG org.apache.http.wire - http-outgoing-0 >> "GET /location-intelligence/geo911/v1/ahj-psap/bylocation?latitude=44.9256313&longitude=-93.20988499999999%20 HTTP/1.1[\r][\n]"
11:25:09.163 [Test worker] DEBUG org.apache.http.wire - http-outgoing-0 >> "authorization: Bearer 52yvGsmzZcNYzTKAdtniiITacjHV[\r][\n]"
11:25:09.163 [Test worker] DEBUG org.apache.http.wire - http-outgoing-0 >> "accept-encoding: gzip[\r][\n]"
11:25:09.163 [Test worker] DEBUG org.apache.http.wire - http-outgoing-0 >> "user-agent: unirest-java/1.1[\r][\n]"
11:25:09.163 [Test worker] DEBUG org.apache.http.wire - http-outgoing-0 >> "Host: api.pitneybowes.com[\r][\n]"
11:25:09.164 [Test worker] DEBUG org.apache.http.wire - http-outgoing-0 >> "Connection: Keep-Alive[\r][\n]"
11:25:09.164 [Test worker] DEBUG org.apache.http.wire - http-outgoing-0 >> "[\r][\n]"
11:25:09.257 [Test worker] DEBUG org.apache.http.wire - http-outgoing-0 << "HTTP/1.1 200 OK[\r][\n]"
11:25:09.257 [Test worker] DEBUG org.apache.http.wire - http-outgoing-0 << "Access-Control-Allow-Credentials: true[\r][\n]"
11:25:09.257 [Test worker] DEBUG org.apache.http.wire - http-outgoing-0 << "Access-Control-Allow-Headers: accept, authorization, content-type[\r][\n]"
11:25:09.257 [Test worker] DEBUG org.apache.http.wire - http-outgoing-0 << "Access-Control-Allow-Methods: GET, PUT, POST, DELETE, OPTIONS[\r][\n]"
11:25:09.257 [Test worker] DEBUG org.apache.http.wire - http-outgoing-0 << "Access-Control-Allow-Origin: *[\r][\n]"
11:25:09.257 [Test worker] DEBUG org.apache.http.wire - http-outgoing-0 << "Access-Control-Max-Age: 3628800[\r][\n]"
11:25:09.258 [Test worker] DEBUG org.apache.http.wire - http-outgoing-0 << "Content-Type: application/json[\r][\n]"
11:25:09.258 [Test worker] DEBUG org.apache.http.wire - http-outgoing-0 << "Date: Mon, 12 Feb 2018 17:25:07 GMT[\r][\n]"
11:25:09.258 [Test worker] DEBUG org.apache.http.wire - http-outgoing-0 << "X-PB-IsBilled: true[\r][\n]"
11:25:09.260 [Test worker] DEBUG org.apache.http.wire - http-outgoing-0 << "X-PB-MessageWeight: 100[\r][\n]"
11:25:09.260 [Test worker] DEBUG org.apache.http.wire - http-outgoing-0 << "Content-Length: 2460[\r][\n]"
11:25:09.260 [Test worker] DEBUG org.apache.http.wire - http-outgoing-0 << "Connection: keep-alive[\r][\n]"
11:25:09.260 [Test worker] DEBUG org.apache.http.wire - http-outgoing-0 << "[\r][\n]"
11:25:09.260 [Test worker] DEBUG org.apache.http.wire - http-outgoing-0 << "{"ahjs":{"ahjs":[{"ahjType":"fire","ahjId":"552.00000000000","agency":"Hennepin County South","phone":"763-525-6210","comments":"","coverage":{"area":"Portion of Hennepin(MN) County","exceptions":"None"},"contactPerson":{"phone":"763-525-6210"},"mailingAddress":{"formattedAddress":"9300 Naper Street Golden Valley MN 55427","mainAddressLine":"9300 Naper Street","addressLastLine":"","placeName":"","areaName1":"MN","areaName2":"","areaName3":"Golden Valley","areaName4":"","postCode":"55427","postCodeExt":"","country":"USA","addressNumber":"","streetName":"","unitType":"","unitValue":""}},{"ahjType":"police","ahjId":"545.00000000000","agency":"Hennepin County South","phone":"763-525-6210","comments":"","coverage":{"area":"Portion of Hennepin(MN) County","exceptions":"None"},"contactPerson":{"phone":"651-643-8398"},"mailingAddress":{"formattedAddress":"9300 Naper Street Golden Valley MN 55427","mainAddressLine":"9300 Naper Street","addressLastLine":"","placeName":"","areaName1":"MN","areaName2":"","areaName3":"Golden Valley","areaName4":"","postCode":"55427","postCodeExt":"","country":"USA","addressNumber":"","streetName":"","unitType":"","unitValue":""}}]},"psap":{"fccId":"3669","type":"Enhanced","agency":"Minneapolis Emergency Communications Center","phone":"612-348-2345","county":{"name":"Hennepin","fips":"27053"},"coverage":{"area":"Portion of Hennepin(MN) County","comments":"None","exceptions":"None"},"contactPerson":{"title":"9-1-1 Director","prefix":"Ms.","firstName":"Heather","lastName":"Hunt","phone":"612-673-5921","fax":"612-348-7217","email":"N/A","additionalDetails":"None"},"siteDetails":{"phone":"612-348-2345","fax":"612-348-7217","address":{"formattedAddress":"350 South 5th Street, Room B-911, City Hall Minneapolis MN 55415-1318","mainAddressLine":"350 South 5th Street, Room B-911, City Hall","addressLastLine":"","placeName":"","areaName1":"MN","areaName2":"","areaName3":"Minneapolis","areaName4":"","postCode":"55415-1318","postCodeExt":"","country":"USA","addressNumber":"","streetName":"","unitType":"","unitValue":""}},"mailingAddress":{"formattedAddress":"350 South 5th Street, Room B-911, City Hall Minneapolis MN 55415","mainAddressLine":"350 South 5th Street, Room B-911, City Hall","addressLastLine":"","placeName":"","areaName1":"MN","areaName2":"","areaName3":"Minneapolis","areaName4":"","postCode":"55415","postCodeExt":"","country":"USA","addressNumber":"","streetName":"","unitType":"","unitValue":""}}}"
11:25:09.260 [Test worker] DEBUG org.apache.http.headers - http-outgoing-0 << HTTP/1.1 200 OK
11:25:09.261 [Test worker] DEBUG org.apache.http.headers - http-outgoing-0 << Access-Control-Allow-Credentials: true
11:25:09.261 [Test worker] DEBUG org.apache.http.headers - http-outgoing-0 << Access-Control-Allow-Headers: accept, authorization, content-type
11:25:09.261 [Test worker] DEBUG org.apache.http.headers - http-outgoing-0 << Access-Control-Allow-Methods: GET, PUT, POST, DELETE, OPTIONS
11:25:09.261 [Test worker] DEBUG org.apache.http.headers - http-outgoing-0 << Access-Control-Allow-Origin: *
11:25:09.261 [Test worker] DEBUG org.apache.http.headers - http-outgoing-0 << Access-Control-Max-Age: 3628800
11:25:09.261 [Test worker] DEBUG org.apache.http.headers - http-outgoing-0 << Content-Type: application/json
11:25:09.261 [Test worker] DEBUG org.apache.http.headers - http-outgoing-0 << Date: Mon, 12 Feb 2018 17:25:07 GMT
11:25:09.261 [Test worker] DEBUG org.apache.http.headers - http-outgoing-0 << X-PB-IsBilled: true
11:25:09.261 [Test worker] DEBUG org.apache.http.headers - http-outgoing-0 << X-PB-MessageWeight: 100
11:25:09.261 [Test worker] DEBUG org.apache.http.headers - http-outgoing-0 << Content-Length: 2460
11:25:09.261 [Test worker] DEBUG org.apache.http.headers - http-outgoing-0 << Connection: keep-alive
11:25:09.261 [Test worker] DEBUG org.apache.http.impl.execchain.MainClientExec - Connection can be kept alive indefinitely
11:25:09.262 [Test worker] DEBUG org.apache.http.impl.conn.PoolingHttpClientConnectionManager - Connection [id: 0][route: {s}->https://api.pitneybowes.com:443] can be kept alive indefinitely
11:25:09.262 [Test worker] DEBUG org.apache.http.impl.conn.PoolingHttpClientConnectionManager - Connection released: [id: 0][route: {s}->https://api.pitneybowes.com:443][total kept alive: 1; route allocated: 1 of 2; total allocated: 1 of 20]
11:25:09.263 [Test worker] INFO controller.PBAPI - ahj info for lat: 44.9256313 long: -93.20988499999999 :
{"psap":{"coverage":{"area":"Portion of Hennepin(MN) County","comments":"None","exceptions":"None"},"agency":"Minneapolis Emergency Communications Center","phone":"612-348-2345","mailingAddress":{"country":"USA","unitType":"","areaName1":"MN","areaName2":"","streetName":"","areaName3":"Minneapolis","formattedAddress":"350 South 5th Street, Room B-911, City Hall Minneapolis MN 55415","areaName4":"","addressNumber":"","mainAddressLine":"350 South 5th Street, Room B-911, City Hall","postCode":"55415","postCodeExt":"","placeName":"","addressLastLine":"","unitValue":""},"county":{"name":"Hennepin","fips":"27053"},"contactPerson":{"firstName":"Heather","lastName":"Hunt","phone":"612-673-5921","prefix":"Ms.","title":"9-1-1 Director","fax":"612-348-7217","additionalDetails":"None","email":"N/A"},"fccId":"3669","type":"Enhanced","siteDetails":{"address":{"country":"USA","unitType":"","areaName1":"MN","areaName2":"","streetName":"","areaName3":"Minneapolis","formattedAddress":"350 South 5th Street, Room B-911, City Hall Minneapolis MN 55415-1318","areaName4":"","addressNumber":"","mainAddressLine":"350 South 5th Street, Room B-911, City Hall","postCode":"55415-1318","postCodeExt":"","placeName":"","addressLastLine":"","unitValue":""},"phone":"612-348-2345","fax":"612-348-7217"}},"ahjs":{"ahjs":[{"coverage":{"area":"Portion of Hennepin(MN) County","exceptions":"None"},"comments":"","agency":"Hennepin County South","phone":"763-525-6210","mailingAddress":{"country":"USA","unitType":"","areaName1":"MN","areaName2":"","streetName":"","areaName3":"Golden Valley","formattedAddress":"9300 Naper Street Golden Valley MN 55427","areaName4":"","addressNumber":"","mainAddressLine":"9300 Naper Street","postCode":"55427","postCodeExt":"","placeName":"","addressLastLine":"","unitValue":""},"ahjId":"552.00000000000","contactPerson":{"phone":"763-525-6210"},"ahjType":"fire"},{"coverage":{"area":"Portion of Hennepin(MN) County","exceptions":"None"},"comments":"","agency":"Hennepin County South","phone":"763-525-6210","mailingAddress":{"country":"USA","unitType":"","areaName1":"MN","areaName2":"","streetName":"","areaName3":"Golden Valley","formattedAddress":"9300 Naper Street Golden Valley MN 55427","areaName4":"","addressNumber":"","mainAddressLine":"9300 Naper Street","postCode":"55427","postCodeExt":"","placeName":"","addressLastLine":"","unitValue":""},"ahjId":"545.00000000000","contactPerson":{"phone":"651-643-8398"},"ahjType":"police"}]}}
{"ahjs":[{"coverage":{"area":"Portion of Hennepin(MN) County","exceptions":"None"},"comments":"","agency":"Hennepin County South","phone":"763-525-6210","mailingAddress":{"country":"USA","unitType":"","areaName1":"MN","areaName2":"","streetName":"","areaName3":"Golden Valley","formattedAddress":"9300 Naper Street Golden Valley MN 55427","areaName4":"","addressNumber":"","mainAddressLine":"9300 Naper Street","postCode":"55427","postCodeExt":"","placeName":"","addressLastLine":"","unitValue":""},"ahjId":"552.00000000000","contactPerson":{"phone":"763-525-6210"},"ahjType":"fire"},{"coverage":{"area":"Portion of Hennepin(MN) County","exceptions":"None"},"comments":"","agency":"Hennepin County South","phone":"763-525-6210","mailingAddress":{"country":"USA","unitType":"","areaName1":"MN","areaName2":"","streetName":"","areaName3":"Golden Valley","formattedAddress":"9300 Naper Street Golden Valley MN 55427","areaName4":"","addressNumber":"","mainAddressLine":"9300 Naper Street","postCode":"55427","postCodeExt":"","placeName":"","addressLastLine":"","unitValue":""},"ahjId":"545.00000000000","contactPerson":{"phone":"651-643-8398"},"ahjType":"police"}]}
{"ahjs":[{"ahjType":"ems","ahjId":"1215.00000000000","agency":"San Jose Police and Fire","phone":"408-277-8991","comments":"","coverage":{"area":"Portion of Santa Clara(CA) County","exceptions":"None"},"contactPerson":{"phone":"408-277-8911"},"mailingAddress":{"formattedAddress":"201 West Mission Street San Jose CA 95110","mainAddressLine":"201 West Mission Street","addressLastLine":"","placeName":"","areaName1":"CA","areaName2":"","areaName3":"San Jose","areaName4":"","postCode":"95110","postCodeExt":"","country":"USA","addressNumber":"","streetName":"","unitType":"","unitValue":""}},{"ahjType":"fire","ahjId":"1185.00000000000","agency":"San Jose Police and Fire","phone":"408-277-8991","comments":"","coverage":{"area":"Portion of Santa Clara(CA) County","exceptions":"None"},"contactPerson":{"phone":"408-277-8911"},"mailingAddress":{"formattedAddress":"201 West Mission Street San Jose CA 95110","mainAddressLine":"201 West Mission Street","addressLastLine":"","placeName":"","areaName1":"CA","areaName2":"","areaName3":"San Jose","areaName4":"","postCode":"95110","postCodeExt":"","country":"USA","addressNumber":"","streetName":"","unitType":"","unitValue":""}},{"ahjType":"police","ahjId":"1179.00000000000","agency":"Santa Clara Communications","phone":"408-289-9530","comments":"","coverage":{"area":"Portion of Santa Clara(CA) County","exceptions":"None"},"contactPerson":{"phone":"408-977-3272"},"mailingAddress":{"formattedAddress":"2700 Carol Drive San Jose CA 95125","mainAddressLine":"2700 Carol Drive","addressLastLine":"","placeName":"","areaName1":"CA","areaName2":"","areaName3":"San Jose","areaName4":"","postCode":"95125","postCodeExt":"","country":"USA","addressNumber":"","streetName":"","unitType":"","unitValue":""}}],"psap":{"fccId":"935","type":"Enhanced","agency":"San Jose Police Department","phone":"408-277-8911","county":{"name":"Santa Clara","fips":"06085"},"coverage":{"area":"Portion of Santa Clara(CA) County","comments":"None","exceptions":"None"},"contactPerson":{"title":"Communications Division Manager","prefix":"Ms.","firstName":"Joey","lastName":"McDonald","phone":"408-277-4212","fax":"408-294-6911","email":"N/A","additionalDetails":"None"},"siteDetails":{"phone":"408-277-8911","fax":"408-294-6911","address":{"formattedAddress":"201 West Mission Street San Jose CA 95110","mainAddressLine":"201 West Mission Street","addressLastLine":"","placeName":"","areaName1":"CA","areaName2":"","areaName3":"San Jose","areaName4":"","postCode":"95110","postCodeExt":"","country":"USA","addressNumber":"","streetName":"","unitType":"","unitValue":""}},"mailingAddress":{"formattedAddress":"201 West Mission Street San Jose CA 95110","mainAddressLine":"201 West Mission Street","addressLastLine":"","placeName":"","areaName1":"CA","areaName2":"","areaName3":"San Jose","areaName4":"","postCode":"95110","postCodeExt":"","country":"USA","addressNumber":"","streetName":"","unitType":"","unitValue":""}}}
]]></system-out>
  <system-err><![CDATA[]]></system-err>
</testsuite>
